<?xml version="1.0" encoding="UTF-8"?>
<!-- Generated by org.testng.reporters.JUnitXMLReporter -->
<testsuite hostname="DESKTOP-UV3GUN9" ignored="0" name="Default test" tests="4" failures="0" timestamp="2021-09-12T17:03:31 IST" time="42.157" errors="0">
  <testcase name="loadsite" time="6.791" classname="com.yatra.runner.Runner"/>
  <testcase name="search" time="21.823" classname="com.yatra.runner.Runner"/>
  <testcase name="landingpage" time="2.523" classname="com.yatra.runner.Runner"/>
  <testcase name="page" time="5.801" classname="com.yatra.runner.Runner"/>
</testsuite> <!-- Default test -->
