<?xml version="1.0" encoding="UTF-8"?>
<!-- Generated by org.testng.reporters.JUnitXMLReporter -->
<testsuite hostname="DESKTOP-UV3GUN9" ignored="0" name="Default test" tests="4" failures="0" timestamp="2021-09-10T17:20:41 IST" time="83.055" errors="0">
  <testcase name="loadsite" time="11.52" classname="com.yatra.runner.Runner"/>
  <testcase name="search" time="50.367" classname="com.yatra.runner.Runner"/>
  <testcase name="landingpage" time="5.377" classname="com.yatra.runner.Runner"/>
  <testcase name="page" time="9.708" classname="com.yatra.runner.Runner"/>
</testsuite> <!-- Default test -->
