<?xml version="1.0" encoding="UTF-8"?>
<!-- Generated by org.testng.reporters.JUnitXMLReporter -->
<testsuite hostname="DESKTOP-UV3GUN9" ignored="0" name="Test" tests="4" failures="0" timestamp="2021-09-03T21:37:08 IST" time="48.178" errors="0">
  <testcase name="loadsite" time="8.592" classname="com.yatra.runner.Runner"/>
  <testcase name="search" time="23.919" classname="com.yatra.runner.Runner"/>
  <testcase name="landingpage" time="6.862" classname="com.yatra.runner.Runner"/>
  <testcase name="page" time="6.145" classname="com.yatra.runner.Runner"/>
</testsuite> <!-- Test -->
