<?xml version="1.0" encoding="UTF-8"?>
<!-- Generated by org.testng.reporters.JUnitXMLReporter -->
<testsuite hostname="DESKTOP-UV3GUN9" ignored="0" name="Test" tests="4" failures="0" timestamp="2021-09-12T19:22:50 IST" time="41.876" errors="0">
  <testcase name="loadsite" time="9.576" classname="com.yatra.runner.Runner"/>
  <testcase name="search" time="20.411" classname="com.yatra.runner.Runner"/>
  <testcase name="landingpage" time="1.403" classname="com.yatra.runner.Runner"/>
  <testcase name="page" time="3.966" classname="com.yatra.runner.Runner"/>
</testsuite> <!-- Test -->
