<?xml version="1.0" encoding="UTF-8"?>
<testng-results skipped="0" failed="0" ignored="0" total="4" passed="4">
  <reporter-output>
  </reporter-output>
  <suite name="Suite" duration-ms="41876" started-at="2021-09-12T19:22:08 IST" finished-at="2021-09-12T19:22:50 IST">
    <groups>
    </groups>
    <test name="Test" duration-ms="41876" started-at="2021-09-12T19:22:08 IST" finished-at="2021-09-12T19:22:50 IST">
      <class name="com.yatra.runner.Runner">
        <test-method status="PASS" signature="browserget()[pri:0, instance:com.yatra.runner.Runner@212b5695]" name="browserget" is-config="true" duration-ms="6386" started-at="2021-09-12T19:22:02 IST" finished-at="2021-09-12T19:22:08 IST">
          <reporter-output>
          </reporter-output>
        </test-method> <!-- browserget -->
        <test-method status="PASS" signature="data()[pri:0, instance:com.yatra.runner.Runner@212b5695]" name="data" is-config="true" duration-ms="4663" started-at="2021-09-12T19:22:08 IST" finished-at="2021-09-12T19:22:13 IST">
          <reporter-output>
          </reporter-output>
        </test-method> <!-- data -->
        <test-method status="PASS" signature="loadsite()[pri:0, instance:com.yatra.runner.Runner@212b5695]" name="loadsite" duration-ms="9576" started-at="2021-09-12T19:22:13 IST" finished-at="2021-09-12T19:22:22 IST">
          <reporter-output>
          </reporter-output>
        </test-method> <!-- loadsite -->
        <test-method status="PASS" signature="search(java.lang.String,java.lang.String)[pri:1, instance:com.yatra.runner.Runner@212b5695]" name="search" duration-ms="20411" started-at="2021-09-12T19:22:23 IST" data-provider="data" finished-at="2021-09-12T19:22:43 IST">
          <params>
            <param index="0">
              <value>
                <![CDATA[Bangalore]]>
              </value>
            </param>
            <param index="1">
              <value>
                <![CDATA[Mumbai]]>
              </value>
            </param>
          </params>
          <reporter-output>
          </reporter-output>
        </test-method> <!-- search -->
        <test-method status="PASS" signature="landingpage()[pri:2, instance:com.yatra.runner.Runner@212b5695]" name="landingpage" duration-ms="1403" started-at="2021-09-12T19:22:44 IST" finished-at="2021-09-12T19:22:45 IST">
          <reporter-output>
          </reporter-output>
        </test-method> <!-- landingpage -->
        <test-method status="PASS" signature="page()[pri:3, instance:com.yatra.runner.Runner@212b5695]" name="page" duration-ms="3966" started-at="2021-09-12T19:22:45 IST" finished-at="2021-09-12T19:22:49 IST">
          <reporter-output>
          </reporter-output>
        </test-method> <!-- page -->
        <test-method status="PASS" signature="end()[pri:0, instance:com.yatra.runner.Runner@212b5695]" name="end" is-config="true" duration-ms="805" started-at="2021-09-12T19:22:50 IST" finished-at="2021-09-12T19:22:51 IST">
          <reporter-output>
          </reporter-output>
        </test-method> <!-- end -->
      </class> <!-- com.yatra.runner.Runner -->
    </test> <!-- Test -->
  </suite> <!-- Suite -->
</testng-results>
